# JRE version: Java(TM) SE Runtime Environment (8.0_144-b01) (build 1.8.0_144-b01)
# Java VM: Java HotSpot(TM) Client VM (25.144-b01 mixed mode windows-x86 )
Heap:
 def new generation   total 39424K, used 5809K [0x04c00000, 0x076c0000, 0x0f6a0000)
  eden space 35072K,   4% used [0x04c00000, 0x04d6c548, 0x06e40000)
  from space 4352K, 100% used [0x07280000, 0x076c0000, 0x076c0000)
  to   space 4352K,   0% used [0x06e40000, 0x06e40000, 0x07280000)
 tenured generation   total 87424K, used 30885K [0x0f6a0000, 0x14c00000, 0x24c00000)
   the space 87424K,  35% used [0x0f6a0000, 0x114c9408, 0x114c9600, 0x14c00000)
 Metaspace       used 17937K, capacity 18406K, committed 18432K, reserved 18816K
GC Heap History (10 events):
Event: 1.294 GC heap before
{Heap before GC invocations=1 (full 0):
 def new generation   total 39296K, used 39296K [0x04c00000, 0x076a0000, 0x0f6a0000)
  eden space 34944K, 100% used [0x04c00000, 0x06e20000, 0x06e20000)
  from space 4352K, 100% used [0x07260000, 0x076a0000, 0x076a0000)
  to   space 4352K,   0% used [0x06e20000, 0x06e20000, 0x07260000)
 tenured generation   total 87424K, used 2986K [0x0f6a0000, 0x14c00000, 0x24c00000)
   the space 87424K,   3% used [0x0f6a0000, 0x0f98aad8, 0x0f98ac00, 0x14c00000)
 Metaspace       used 11244K, capacity 11589K, committed 11648K, reserved 11648K
Event: 1.327 GC heap after
Heap after GC invocations=2 (full 0):
 def new generation   total 39296K, used 4352K [0x04c00000, 0x076a0000, 0x0f6a0000)
  eden space 34944K,   0% used [0x04c00000, 0x04c00000, 0x06e20000)
  from space 4352K, 100% used [0x06e20000, 0x07260000, 0x07260000)
  to   space 4352K,   0% used [0x07260000, 0x07260000, 0x076a0000)
 tenured generation   total 87424K, used 12686K [0x0f6a0000, 0x14c00000, 0x24c00000)
   the space 87424K,  14% used [0x0f6a0000, 0x103038e0, 0x10303a00, 0x14c00000)
 Metaspace       used 11244K, capacity 11589K, committed 11648K, reserved 11648K
}
Event: 1.680 GC heap before
{Heap before GC invocations=2 (full 0):
 def new generation   total 39296K, used 23019K [0x04c00000, 0x076a0000, 0x0f6a0000)
  eden space 34944K,  53% used [0x04c00000, 0x05e3ada0, 0x06e20000)
  from space 4352K, 100% used [0x06e20000, 0x07260000, 0x07260000)
  to   space 4352K,   0% used [0x07260000, 0x07260000, 0x076a0000)
 tenured generation   total 87424K, used 12686K [0x0f6a0000, 0x14c00000, 0x24c00000)
   the space 87424K,  14% used [0x0f6a0000, 0x103038e0, 0x10303a00, 0x14c00000)
 Metaspace       used 11913K, capacity 12264K, committed 12288K, reserved 12672K
Event: 1.722 GC heap after
Heap after GC invocations=3 (full 1):
 def new generation   total 39424K, used 0K [0x04c00000, 0x076c0000, 0x0f6a0000)
  eden space 35072K,   0% used [0x04c00000, 0x04c00000, 0x06e40000)
  from space 4352K,   0% used [0x06e40000, 0x06e40000, 0x07280000)
  to   space 4352K,   0% used [0x07280000, 0x07280000, 0x076c0000)
 tenured generation   total 87424K, used 18896K [0x0f6a0000, 0x14c00000, 0x24c00000)
   the space 87424K,  21% used [0x0f6a0000, 0x109143c0, 0x10914400, 0x14c00000)
 Metaspace       used 11913K, capacity 12264K, committed 12288K, reserved 12672K
}
Event: 2.192 GC heap before
{Heap before GC invocations=3 (full 1):
 def new generation   total 39424K, used 35072K [0x04c00000, 0x076c0000, 0x0f6a0000)
  eden space 35072K, 100% used [0x04c00000, 0x06e40000, 0x06e40000)
  from space 4352K,   0% used [0x06e40000, 0x06e40000, 0x07280000)
  to   space 4352K,   0% used [0x07280000, 0x07280000, 0x076c0000)
 tenured generation   total 87424K, used 18896K [0x0f6a0000, 0x14c00000, 0x24c00000)
   the space 87424K,  21% used [0x0f6a0000, 0x109143c0, 0x10914400, 0x14c00000)
 Metaspace       used 12092K, capacity 12456K, committed 12544K, reserved 12672K
Event: 2.194 GC heap after
Heap after GC invocations=4 (full 1):
 def new generation   total 39424K, used 605K [0x04c00000, 0x076c0000, 0x0f6a0000)
  eden space 35072K,   0% used [0x04c00000, 0x04c00000, 0x06e40000)
  from space 4352K,  13% used [0x07280000, 0x073177a0, 0x076c0000)
  to   space 4352K,   0% used [0x06e40000, 0x06e40000, 0x07280000)
 tenured generation   total 87424K, used 18896K [0x0f6a0000, 0x14c00000, 0x24c00000)
   the space 87424K,  21% used [0x0f6a0000, 0x109143c0, 0x10914400, 0x14c00000)
 Metaspace       used 12092K, capacity 12456K, committed 12544K, reserved 12672K
}
Event: 3.079 GC heap before
{Heap before GC invocations=4 (full 1):
 def new generation   total 39424K, used 35677K [0x04c00000, 0x076c0000, 0x0f6a0000)
  eden space 35072K, 100% used [0x04c00000, 0x06e40000, 0x06e40000)
  from space 4352K,  13% used [0x07280000, 0x073177a0, 0x076c0000)
  to   space 4352K,   0% used [0x06e40000, 0x06e40000, 0x07280000)
 tenured generation   total 87424K, used 18896K [0x0f6a0000, 0x14c00000, 0x24c00000)
   the space 87424K,  21% used [0x0f6a0000, 0x109143c0, 0x10914400, 0x14c00000)
 Metaspace       used 14111K, capacity 14510K, committed 14592K, reserved 14720K
Event: 3.088 GC heap after
Heap after GC invocations=5 (full 1):
 def new generation   total 39424K, used 4153K [0x04c00000, 0x076c0000, 0x0f6a0000)
  eden space 35072K,   0% used [0x04c00000, 0x04c00000, 0x06e40000)
  from space 4352K,  95% used [0x06e40000, 0x0724e648, 0x07280000)
  to   space 4352K,   0% used [0x07280000, 0x07280000, 0x076c0000)
 tenured generation   total 87424K, used 18896K [0x0f6a0000, 0x14c00000, 0x24c00000)
   the space 87424K,  21% used [0x0f6a0000, 0x109143c0, 0x10914400, 0x14c00000)
 Metaspace       used 14111K, capacity 14510K, committed 14592K, reserved 14720K
}
Event: 4.386 GC heap before
{Heap before GC invocations=5 (full 1):
 def new generation   total 39424K, used 39225K [0x04c00000, 0x076c0000, 0x0f6a0000)
  eden space 35072K, 100% used [0x04c00000, 0x06e40000, 0x06e40000)
  from space 4352K,  95% used [0x06e40000, 0x0724e648, 0x07280000)
  to   space 4352K,   0% used [0x07280000, 0x07280000, 0x076c0000)
 tenured generation   total 87424K, used 18896K [0x0f6a0000, 0x14c00000, 0x24c00000)
   the space 87424K,  21% used [0x0f6a0000, 0x109143c0, 0x10914400, 0x14c00000)
 Metaspace       used 17933K, capacity 18406K, committed 18432K, reserved 18816K
Event: 4.407 GC heap after
Heap after GC invocations=6 (full 1):
 def new generation   total 39424K, used 4352K [0x04c00000, 0x076c0000, 0x0f6a0000)
  eden space 35072K,   0% used [0x04c00000, 0x04c00000, 0x06e40000)
  from space 4352K, 100% used [0x07280000, 0x076c0000, 0x076c0000)
  to   space 4352K,   0% used [0x06e40000, 0x06e40000, 0x07280000)
 tenured generation   total 87424K, used 30885K [0x0f6a0000, 0x14c00000, 0x24c00000)
   the space 87424K,  35% used [0x0f6a0000, 0x114c9408, 0x114c9600, 0x14c00000)
 Metaspace       used 17933K, capacity 18406K, committed 18432K, reserved 18816K
}

